<?xml version="1.0" encoding="UTF-8"?>
<testng-results ignored="0" total="1" passed="1" failed="0" skipped="0">
  <reporter-output>
    <line>
      <![CDATA[success]]>
    </line>
  </reporter-output>
  <suite started-at="2024-02-01T11:24:04 IST" name="Default suite" finished-at="2024-02-01T11:25:05 IST" duration-ms="60982">
    <groups>
    </groups>
    <test started-at="2024-02-01T11:24:04 IST" name="Default test" finished-at="2024-02-01T11:25:05 IST" duration-ms="60982">
      <class name="extendreport.extend_report">
        <test-method is-config="true" signature="setup()[pri:0, instance:extendreport.extend_report@243c4f91]" started-at="2024-02-01T11:24:04 IST" name="setup" finished-at="2024-02-01T11:25:02 IST" duration-ms="57864" status="PASS">
          <reporter-output>
          </reporter-output>
        </test-method> <!-- setup -->
        <test-method signature="test()[pri:0, instance:extendreport.extend_report@243c4f91]" started-at="2024-02-01T11:25:02 IST" name="test" finished-at="2024-02-01T11:25:02 IST" duration-ms="159" status="PASS">
          <reporter-output>
          </reporter-output>
        </test-method> <!-- test -->
        <test-method is-config="true" signature="teardown()[pri:0, instance:extendreport.extend_report@243c4f91]" started-at="2024-02-01T11:25:02 IST" name="teardown" finished-at="2024-02-01T11:25:05 IST" duration-ms="2841" status="PASS">
          <reporter-output>
            <line>
              <![CDATA[success]]>
            </line>
          </reporter-output>
        </test-method> <!-- teardown -->
      </class> <!-- extendreport.extend_report -->
    </test> <!-- Default test -->
  </suite> <!-- Default suite -->
</testng-results>
