<?xml version="1.0" encoding="UTF-8"?>
<testng-results ignored="0" total="1" passed="1" failed="0" skipped="0">
  <reporter-output>
    <line>
      <![CDATA[No of rows are::5]]>
    </line>
    <line>
      <![CDATA[Username and password are Valid::dashboard------http://webapp.qedgetech.com/dashboard.php]]>
    </line>
    <line>
      <![CDATA[Username and password are Valid::dashboard------http://webapp.qedgetech.com/dashboard.php]]>
    </line>
    <line>
      <![CDATA[Incorrect user ID or password-----dashboard--------http://webapp.qedgetech.com/login.php]]>
    </line>
    <line>
      <![CDATA[Incorrect user ID or password-----dashboard--------http://webapp.qedgetech.com/login.php]]>
    </line>
    <line>
      <![CDATA[Incorrect user ID or password-----dashboard--------http://webapp.qedgetech.com/login.php]]>
    </line>
  </reporter-output>
  <suite started-at="2024-02-02T11:07:03 IST" name="Surefire suite" finished-at="2024-02-02T11:08:31 IST" duration-ms="87474">
    <groups>
    </groups>
    <test started-at="2024-02-02T11:07:03 IST" name="Surefire test" finished-at="2024-02-02T11:08:31 IST" duration-ms="87474">
      <class name="driverfactory.AppTest">
        <test-method is-config="true" signature="setUp()[pri:0, instance:driverfactory.AppTest@6973bf95]" started-at="2024-02-02T11:07:04 IST" name="setUp" finished-at="2024-02-02T11:07:41 IST" duration-ms="37839" status="PASS">
          <reporter-output>
          </reporter-output>
        </test-method> <!-- setUp -->
        <test-method signature="startTest()[pri:0, instance:driverfactory.AppTest@6973bf95]" started-at="2024-02-02T11:07:42 IST" name="startTest" finished-at="2024-02-02T11:08:29 IST" duration-ms="47327" status="PASS">
          <reporter-output>
            <line>
              <![CDATA[No of rows are::5]]>
            </line>
            <line>
              <![CDATA[Username and password are Valid::dashboard------http://webapp.qedgetech.com/dashboard.php]]>
            </line>
            <line>
              <![CDATA[Username and password are Valid::dashboard------http://webapp.qedgetech.com/dashboard.php]]>
            </line>
            <line>
              <![CDATA[Incorrect user ID or password-----dashboard--------http://webapp.qedgetech.com/login.php]]>
            </line>
            <line>
              <![CDATA[Incorrect user ID or password-----dashboard--------http://webapp.qedgetech.com/login.php]]>
            </line>
            <line>
              <![CDATA[Incorrect user ID or password-----dashboard--------http://webapp.qedgetech.com/login.php]]>
            </line>
          </reporter-output>
        </test-method> <!-- startTest -->
        <test-method is-config="true" signature="tearDown()[pri:0, instance:driverfactory.AppTest@6973bf95]" started-at="2024-02-02T11:08:29 IST" name="tearDown" finished-at="2024-02-02T11:08:31 IST" duration-ms="2117" status="PASS">
          <reporter-output>
          </reporter-output>
        </test-method> <!-- tearDown -->
      </class> <!-- driverfactory.AppTest -->
    </test> <!-- Surefire test -->
  </suite> <!-- Surefire suite -->
</testng-results>
